<?xml version="1.0" encoding="UTF-8"?>
<!-- Generated by org.testng.reporters.JUnitXMLReporter -->
<testsuite ignored="0" hostname="Rafif" failures="1" tests="2" name="Cucumber Reporting" time="10.705" errors="0" timestamp="2025-07-04T16:42:05 WIB">
  <testcase classname="io.cucumber.testng.AbstractTestNGCucumberTests" name="runScenario" time="4.124">
    <failure type="org.openqa.selenium.StaleElementReferenceException" message="stale element reference: stale element not found in the current frame
  (Session info: MicrosoftEdge=138.0.3351.65)
For documentation on this error, please visit: https://www.selenium.dev/documentation/webdriver/troubleshooting/errors#stale-element-reference-exception
Build info: version: &amp;apos;4.32.0&amp;apos;, revision: &amp;apos;d17c8aa950&amp;apos;
System info: os.name: &amp;apos;Windows 11&amp;apos;, os.arch: &amp;apos;amd64&amp;apos;, os.version: &amp;apos;10.0&amp;apos;, java.version: &amp;apos;24.0.1&amp;apos;
Driver info: org.openqa.selenium.edge.EdgeDriver
Command: [69546a99b33f90b82eb5862611b42bc7, clickElement {id=f.550FFC2EC40C45BE1AF4ACC7B38A9721.d.E19EBC3795790612301BF7AD7A9EA806.e.44}]
Capabilities {acceptInsecureCerts: false, browserName: MicrosoftEdge, browserVersion: 138.0.3351.65, fedcm:accounts: true, ms:edgeOptions: {debuggerAddress: localhost:55387}, msedge: {msedgedriverVersion: 138.0.3351.65 (81e3782c3ab4..., userDataDir: C:\Users\MSI\AppData\Local\...}, networkConnectionEnabled: false, pageLoadStrategy: normal, platformName: windows, proxy: Proxy(), se:cdp: ws://localhost:55387/devtoo..., se:cdpVersion: 138.0.3351.65, setWindowRect: true, strictFileInteractability: false, timeouts: {implicit: 0, pageLoad: 300000, script: 30000}, unhandledPromptBehavior: dismiss and notify, webauthn:extension:credBlob: true, webauthn:extension:largeBlob: true, webauthn:extension:minPinLength: true, webauthn:extension:prf: true, webauthn:virtualAuthenticators: true}
Element: [[EdgeDriver: MicrosoftEdge on windows (69546a99b33f90b82eb5862611b42bc7)] -&amp;gt; xpath: /html/body/div/div/div/div/div[2]/div[1]/div/iframe]
Session ID: 69546a99b33f90b82eb5862611b42bc7">
      <![CDATA[org.openqa.selenium.StaleElementReferenceException: stale element reference: stale element not found in the current frame
  (Session info: MicrosoftEdge=138.0.3351.65)
For documentation on this error, please visit: https://www.selenium.dev/documentation/webdriver/troubleshooting/errors#stale-element-reference-exception
Build info: version: '4.32.0', revision: 'd17c8aa950'
System info: os.name: 'Windows 11', os.arch: 'amd64', os.version: '10.0', java.version: '24.0.1'
Driver info: org.openqa.selenium.edge.EdgeDriver
Command: [69546a99b33f90b82eb5862611b42bc7, clickElement {id=f.550FFC2EC40C45BE1AF4ACC7B38A9721.d.E19EBC3795790612301BF7AD7A9EA806.e.44}]
Capabilities {acceptInsecureCerts: false, browserName: MicrosoftEdge, browserVersion: 138.0.3351.65, fedcm:accounts: true, ms:edgeOptions: {debuggerAddress: localhost:55387}, msedge: {msedgedriverVersion: 138.0.3351.65 (81e3782c3ab4..., userDataDir: C:\Users\MSI\AppData\Local\...}, networkConnectionEnabled: false, pageLoadStrategy: normal, platformName: windows, proxy: Proxy(), se:cdp: ws://localhost:55387/devtoo..., se:cdpVersion: 138.0.3351.65, setWindowRect: true, strictFileInteractability: false, timeouts: {implicit: 0, pageLoad: 300000, script: 30000}, unhandledPromptBehavior: dismiss and notify, webauthn:extension:credBlob: true, webauthn:extension:largeBlob: true, webauthn:extension:minPinLength: true, webauthn:extension:prf: true, webauthn:virtualAuthenticators: true}
Element: [[EdgeDriver: MicrosoftEdge on windows (69546a99b33f90b82eb5862611b42bc7)] -> xpath: /html/body/div/div/div/div/div[2]/div[1]/div/iframe]
Session ID: 69546a99b33f90b82eb5862611b42bc7
at org.openqa.selenium.remote.ErrorCodec.decode(ErrorCodec.java:167)
at org.openqa.selenium.remote.codec.w3c.W3CHttpResponseCodec.decode(W3CHttpResponseCodec.java:138)
at org.openqa.selenium.remote.codec.w3c.W3CHttpResponseCodec.decode(W3CHttpResponseCodec.java:50)
at org.openqa.selenium.remote.HttpCommandExecutor.execute(HttpCommandExecutor.java:215)
at org.openqa.selenium.remote.service.DriverCommandExecutor.invokeExecute(DriverCommandExecutor.java:216)
at org.openqa.selenium.remote.service.DriverCommandExecutor.execute(DriverCommandExecutor.java:174)
at org.openqa.selenium.remote.RemoteWebDriver.execute(RemoteWebDriver.java:545)
at org.openqa.selenium.remote.RemoteWebElement.execute(RemoteWebElement.java:223)
at org.openqa.selenium.remote.RemoteWebElement.click(RemoteWebElement.java:76)
at org.openqa.selenium.support.pagefactory.internal.LocatingElementHandler.invoke(LocatingElementHandler.java:51)
at jdk.proxy2/jdk.proxy2.$Proxy24.click(Unknown Source)
at com.zaidan.testng.actions.LearnCoursePageActions.playExampleVideo(LearnCoursePageActions.java:53)
at com.zaidan.testng.definitions.AccessMaterials.userPlaysVideo(AccessMaterials.java:57)
at ✽.User should be able to play the video(file:///C:/Users/MSI/OneDrive/Documents/Proyek/Fault%20Seeding/JTKLearn-Testing/src/test/resources/features/AccessMaterials.feature:16)
... Removed 5 stack frames]]>
    </failure>
  </testcase> <!-- runScenario -->
  <testcase classname="io.cucumber.testng.AbstractTestNGCucumberTests" name="runScenario" time="5.015"/>
</testsuite> <!-- Cucumber Reporting -->
