<?xml version="1.0" encoding="UTF-8"?>
<!-- Generated by org.testng.reporters.JUnitXMLReporter -->
<testsuite ignored="0" hostname="ReqiJumantara" failures="0" tests="3" name="Cucumber Reporting" time="8.88" errors="0" timestamp="2025-07-02T23:37:06 WIB">
  <testcase classname="io.cucumber.testng.AbstractTestNGCucumberTests" name="runScenario" time="3.498"/>
  <testcase classname="io.cucumber.testng.AbstractTestNGCucumberTests" name="runScenario" time="2.64"/>
  <testcase classname="io.cucumber.testng.AbstractTestNGCucumberTests" name="runScenario" time="2.332"/>
</testsuite> <!-- Cucumber Reporting -->
