<?xml version="1.0" encoding="UTF-8"?>
<testng-results ignored="0" total="1" passed="1" failed="0" skipped="0">
  <reporter-output>
  </reporter-output>
  <suite started-at="2025-07-10T13:58:12 WIB" name="Suite" finished-at="2025-07-10T13:58:22 WIB" duration-ms="10598">
    <groups>
      <group name="cucumber">
        <method signature="AbstractTestNGCucumberTests.runScenario(io.cucumber.testng.PickleWrapper,io.cucumber.testng.FeatureWrapper)[pri:0, instance:com.zaidan.testng.runner.CucumberRunnerTests@1d9b7cce]" name="runScenario" class="io.cucumber.testng.AbstractTestNGCucumberTests"/>
      </group> <!-- cucumber -->
    </groups>
    <test started-at="2025-07-10T13:58:12 WIB" name="Cucumber Reporting" finished-at="2025-07-10T13:58:22 WIB" duration-ms="10598">
      <class name="com.zaidan.testng.runner.CucumberRunnerTests">
        <test-method is-config="true" signature="setUpClass(org.testng.ITestContext)[pri:0, instance:com.zaidan.testng.runner.CucumberRunnerTests@1d9b7cce]" started-at="2025-07-10T13:58:12 WIB" name="setUpClass" finished-at="2025-07-10T13:58:15 WIB" duration-ms="3750" status="PASS">
          <params>
            <param index="0">
              <value>
                <![CDATA[org.testng.TestRunner@ef60710]]>
              </value>
            </param>
          </params>
          <reporter-output>
          </reporter-output>
        </test-method> <!-- setUpClass -->
        <test-method signature="runScenario(io.cucumber.testng.PickleWrapper,io.cucumber.testng.FeatureWrapper)[pri:0, instance:com.zaidan.testng.runner.CucumberRunnerTests@1d9b7cce]" started-at="2025-07-10T13:58:16 WIB" name="runScenario" description="Runs Cucumber Scenarios" data-provider="scenarios" finished-at="2025-07-10T13:58:22 WIB" duration-ms="6688" status="PASS">
          <params>
            <param index="0">
              <value>
                <![CDATA["Verify descending sorting operation on Pemantau Progres Belajar page"]]>
              </value>
            </param>
            <param index="1">
              <value>
                <![CDATA["FR-12 Progress Overview"]]>
              </value>
            </param>
          </params>
          <reporter-output>
          </reporter-output>
        </test-method> <!-- runScenario -->
        <test-method is-config="true" signature="tearDownClass()[pri:0, instance:com.zaidan.testng.runner.CucumberRunnerTests@1d9b7cce]" started-at="2025-07-10T13:58:22 WIB" name="tearDownClass" finished-at="2025-07-10T13:58:22 WIB" duration-ms="83" status="PASS">
          <reporter-output>
          </reporter-output>
        </test-method> <!-- tearDownClass -->
      </class> <!-- com.zaidan.testng.runner.CucumberRunnerTests -->
    </test> <!-- Cucumber Reporting -->
  </suite> <!-- Suite -->
</testng-results>
