<?xml version="1.0" encoding="UTF-8"?>
<testng-results ignored="0" total="3" passed="3" failed="0" skipped="0">
  <reporter-output>
  </reporter-output>
  <suite started-at="2025-07-02T23:36:58 WIB" name="Suite" finished-at="2025-07-02T23:37:06 WIB" duration-ms="8880">
    <groups>
      <group name="cucumber">
        <method signature="AbstractTestNGCucumberTests.runScenario(io.cucumber.testng.PickleWrapper,io.cucumber.testng.FeatureWrapper)[pri:0, instance:com.zaidan.testng.runner.CucumberRunnerTests@73a1e9a9]" name="runScenario" class="io.cucumber.testng.AbstractTestNGCucumberTests"/>
      </group> <!-- cucumber -->
    </groups>
    <test started-at="2025-07-02T23:36:58 WIB" name="Cucumber Reporting" finished-at="2025-07-02T23:37:06 WIB" duration-ms="8880">
      <class name="com.zaidan.testng.runner.CucumberRunnerTests">
        <test-method is-config="true" signature="setUpClass(org.testng.ITestContext)[pri:0, instance:com.zaidan.testng.runner.CucumberRunnerTests@73a1e9a9]" started-at="2025-07-02T23:36:58 WIB" name="setUpClass" finished-at="2025-07-02T23:36:58 WIB" duration-ms="346" status="PASS">
          <params>
            <param index="0">
              <value>
                <![CDATA[org.testng.TestRunner@526b2f3e]]>
              </value>
            </param>
          </params>
          <reporter-output>
          </reporter-output>
        </test-method> <!-- setUpClass -->
        <test-method signature="runScenario(io.cucumber.testng.PickleWrapper,io.cucumber.testng.FeatureWrapper)[pri:0, instance:com.zaidan.testng.runner.CucumberRunnerTests@73a1e9a9]" started-at="2025-07-02T23:36:58 WIB" name="runScenario" description="Runs Cucumber Scenarios" data-provider="scenarios" finished-at="2025-07-02T23:37:01 WIB" duration-ms="3498" status="PASS">
          <params>
            <param index="0">
              <value>
                <![CDATA["Login with valid credentials"]]>
              </value>
            </param>
            <param index="1">
              <value>
                <![CDATA["Login to JTK Learn Application"]]>
              </value>
            </param>
          </params>
          <reporter-output>
          </reporter-output>
        </test-method> <!-- runScenario -->
        <test-method signature="runScenario(io.cucumber.testng.PickleWrapper,io.cucumber.testng.FeatureWrapper)[pri:0, instance:com.zaidan.testng.runner.CucumberRunnerTests@73a1e9a9]" started-at="2025-07-02T23:37:01 WIB" name="runScenario" description="Runs Cucumber Scenarios" data-provider="scenarios" finished-at="2025-07-02T23:37:04 WIB" duration-ms="2640" status="PASS">
          <params>
            <param index="0">
              <value>
                <![CDATA["User navigates to Beranda through Kursus Saya and sees course list"]]>
              </value>
            </param>
            <param index="1">
              <value>
                <![CDATA["Login to JTK Learn Application"]]>
              </value>
            </param>
          </params>
          <reporter-output>
          </reporter-output>
        </test-method> <!-- runScenario -->
        <test-method signature="runScenario(io.cucumber.testng.PickleWrapper,io.cucumber.testng.FeatureWrapper)[pri:0, instance:com.zaidan.testng.runner.CucumberRunnerTests@73a1e9a9]" started-at="2025-07-02T23:37:04 WIB" name="runScenario" description="Runs Cucumber Scenarios" data-provider="scenarios" finished-at="2025-07-02T23:37:06 WIB" duration-ms="2332" status="PASS">
          <params>
            <param index="0">
              <value>
                <![CDATA["User click on Username Menu and sub menu is displayed"]]>
              </value>
            </param>
            <param index="1">
              <value>
                <![CDATA["Login to JTK Learn Application"]]>
              </value>
            </param>
          </params>
          <reporter-output>
          </reporter-output>
        </test-method> <!-- runScenario -->
        <test-method is-config="true" signature="tearDownClass()[pri:0, instance:com.zaidan.testng.runner.CucumberRunnerTests@73a1e9a9]" started-at="2025-07-02T23:37:06 WIB" name="tearDownClass" finished-at="2025-07-02T23:37:06 WIB" duration-ms="35" status="PASS">
          <reporter-output>
          </reporter-output>
        </test-method> <!-- tearDownClass -->
      </class> <!-- com.zaidan.testng.runner.CucumberRunnerTests -->
    </test> <!-- Cucumber Reporting -->
  </suite> <!-- Suite -->
</testng-results>
