<?xml version="1.0" encoding="UTF-8"?>
<testng-results ignored="0" total="5" passed="5" failed="0" skipped="0">
  <reporter-output>
  </reporter-output>
  <suite started-at="2025-07-07T15:53:17 WIB" name="Suite" finished-at="2025-07-07T15:54:02 WIB" duration-ms="44921">
    <groups>
      <group name="cucumber">
        <method signature="AbstractTestNGCucumberTests.runScenario(io.cucumber.testng.PickleWrapper,io.cucumber.testng.FeatureWrapper)[pri:0, instance:com.zaidan.testng.runner.CucumberRunnerTests@34123d65]" name="runScenario" class="io.cucumber.testng.AbstractTestNGCucumberTests"/>
      </group> <!-- cucumber -->
    </groups>
    <test started-at="2025-07-07T15:53:17 WIB" name="Cucumber Reporting" finished-at="2025-07-07T15:54:02 WIB" duration-ms="44921">
      <class name="com.zaidan.testng.runner.CucumberRunnerTests">
        <test-method is-config="true" signature="setUpClass(org.testng.ITestContext)[pri:0, instance:com.zaidan.testng.runner.CucumberRunnerTests@34123d65]" started-at="2025-07-07T15:53:17 WIB" name="setUpClass" finished-at="2025-07-07T15:53:19 WIB" duration-ms="1664" status="PASS">
          <params>
            <param index="0">
              <value>
                <![CDATA[org.testng.TestRunner@2dff7085]]>
              </value>
            </param>
          </params>
          <reporter-output>
          </reporter-output>
        </test-method> <!-- setUpClass -->
        <test-method signature="runScenario(io.cucumber.testng.PickleWrapper,io.cucumber.testng.FeatureWrapper)[pri:0, instance:com.zaidan.testng.runner.CucumberRunnerTests@34123d65]" started-at="2025-07-07T15:53:19 WIB" name="runScenario" description="Runs Cucumber Scenarios" data-provider="scenarios" finished-at="2025-07-07T15:53:27 WIB" duration-ms="8127" status="PASS">
          <params>
            <param index="0">
              <value>
                <![CDATA["View quiz history page when no courses are enrolled"]]>
              </value>
            </param>
            <param index="1">
              <value>
                <![CDATA["TC FR-11 Quiz Results History"]]>
              </value>
            </param>
          </params>
          <reporter-output>
          </reporter-output>
        </test-method> <!-- runScenario -->
        <test-method signature="runScenario(io.cucumber.testng.PickleWrapper,io.cucumber.testng.FeatureWrapper)[pri:0, instance:com.zaidan.testng.runner.CucumberRunnerTests@34123d65]" started-at="2025-07-07T15:53:27 WIB" name="runScenario" description="Runs Cucumber Scenarios" data-provider="scenarios" finished-at="2025-07-07T15:53:35 WIB" duration-ms="8649" status="PASS">
          <params>
            <param index="0">
              <value>
                <![CDATA["View quiz history for an enrolled course with no quiz attempts"]]>
              </value>
            </param>
            <param index="1">
              <value>
                <![CDATA["TC FR-11 Quiz Results History"]]>
              </value>
            </param>
          </params>
          <reporter-output>
          </reporter-output>
        </test-method> <!-- runScenario -->
        <test-method signature="runScenario(io.cucumber.testng.PickleWrapper,io.cucumber.testng.FeatureWrapper)[pri:0, instance:com.zaidan.testng.runner.CucumberRunnerTests@34123d65]" started-at="2025-07-07T15:53:35 WIB" name="runScenario" description="Runs Cucumber Scenarios" data-provider="scenarios" finished-at="2025-07-07T15:53:44 WIB" duration-ms="8837" status="PASS">
          <params>
            <param index="0">
              <value>
                <![CDATA["View quiz history for an enrolled course with some quiz attempts"]]>
              </value>
            </param>
            <param index="1">
              <value>
                <![CDATA["TC FR-11 Quiz Results History"]]>
              </value>
            </param>
          </params>
          <reporter-output>
          </reporter-output>
        </test-method> <!-- runScenario -->
        <test-method signature="runScenario(io.cucumber.testng.PickleWrapper,io.cucumber.testng.FeatureWrapper)[pri:0, instance:com.zaidan.testng.runner.CucumberRunnerTests@34123d65]" started-at="2025-07-07T15:53:44 WIB" name="runScenario" description="Runs Cucumber Scenarios" data-provider="scenarios" finished-at="2025-07-07T15:53:52 WIB" duration-ms="8350" status="PASS">
          <params>
            <param index="0">
              <value>
                <![CDATA["View quiz history for an enrolled course with quiz attempts completely"]]>
              </value>
            </param>
            <param index="1">
              <value>
                <![CDATA["TC FR-11 Quiz Results History"]]>
              </value>
            </param>
          </params>
          <reporter-output>
          </reporter-output>
        </test-method> <!-- runScenario -->
        <test-method signature="runScenario(io.cucumber.testng.PickleWrapper,io.cucumber.testng.FeatureWrapper)[pri:0, instance:com.zaidan.testng.runner.CucumberRunnerTests@34123d65]" started-at="2025-07-07T15:53:52 WIB" name="runScenario" description="Runs Cucumber Scenarios" data-provider="scenarios" finished-at="2025-07-07T15:54:02 WIB" duration-ms="9169" status="PASS">
          <params>
            <param index="0">
              <value>
                <![CDATA["Search for a specific quiz in the history"]]>
              </value>
            </param>
            <param index="1">
              <value>
                <![CDATA["TC FR-11 Quiz Results History"]]>
              </value>
            </param>
          </params>
          <reporter-output>
          </reporter-output>
        </test-method> <!-- runScenario -->
        <test-method is-config="true" signature="tearDownClass()[pri:0, instance:com.zaidan.testng.runner.CucumberRunnerTests@34123d65]" started-at="2025-07-07T15:54:02 WIB" name="tearDownClass" finished-at="2025-07-07T15:54:02 WIB" duration-ms="81" status="PASS">
          <reporter-output>
          </reporter-output>
        </test-method> <!-- tearDownClass -->
      </class> <!-- com.zaidan.testng.runner.CucumberRunnerTests -->
    </test> <!-- Cucumber Reporting -->
  </suite> <!-- Suite -->
</testng-results>
