<?xml version="1.0" encoding="UTF-8"?>
<testsuite xmlns:xsi="http://www.w3.org/2001/XMLSchema-instance" xsi:noNamespaceSchemaLocation="https://maven.apache.org/surefire/maven-surefire-plugin/xsd/surefire-test-report.xsd" version="3.0.2" name="TestSuite" time="6.114" tests="1" errors="0" skipped="0" failures="1">
  <properties>
[...]
</properties>
  <testcase name="setUpClass[org.testng.TestRunner@f096f37](0)" classname="com.zaidan.testng.runner.CucumberRunnerTests" time="5.936">
    <failure message="Test suite cannot proceed without database connection." type="java.lang.RuntimeException"><![CDATA[java.lang.RuntimeException: Test suite cannot proceed without database connection.
	at com.zaidan.testng.definitions.Hooks.setupSuite(Hooks.java:22)
Caused by: java.sql.SQLException: Failed to establish database connection through SSH tunnel.
	at com.zaidan.testng.utils.DatabaseUtil.getConnection(DatabaseUtil.java:43)
	at com.zaidan.testng.definitions.Hooks.setupSuite(Hooks.java:19)
Caused by: org.postgresql.util.PSQLException: The connection attempt failed.
	at org.postgresql.core.v3.ConnectionFactoryImpl.openConnectionImpl(ConnectionFactoryImpl.java:358)
	at org.postgresql.core.ConnectionFactory.openConnection(ConnectionFactory.java:54)
	at org.postgresql.jdbc.PgConnection.<init>(PgConnection.java:273)
	at org.postgresql.Driver.makeConnection(Driver.java:446)
	at org.postgresql.Driver.connect(Driver.java:298)
	at java.sql/java.sql.DriverManager.getConnection(DriverManager.java:613)
	at java.sql/java.sql.DriverManager.getConnection(DriverManager.java:199)
	at com.zaidan.testng.utils.DatabaseUtil.getConnection(DatabaseUtil.java:37)
	... 1 more
Caused by: java.io.EOFException
	at org.postgresql.core.PGStream.receiveChar(PGStream.java:469)
	at org.postgresql.core.v3.ConnectionFactoryImpl.enableSSL(ConnectionFactoryImpl.java:594)
	at org.postgresql.core.v3.ConnectionFactoryImpl.tryConnect(ConnectionFactoryImpl.java:195)
	at org.postgresql.core.v3.ConnectionFactoryImpl.openConnectionImpl(ConnectionFactoryImpl.java:262)
	... 8 more
]]></failure>
    <system-out><![CDATA[--- Starting Test Suite Setup ---
HelperClass: Properties loaded successfully from application.properties.
--- All loaded properties ---
db.password = P@ssw0rd123
ssh.password = xE|89]{7h9R?
spring.application.name = jtklearn-selenium-cucumber
ssh.username = guest
ssh.host = cloudias79.com
ssh.remote_host = localhost
db.username = jtk_learn
db.url = jdbc:postgresql://localhost:5433/jtk_learn_db_dev # Connect to local forwarded port
ssh.port = 2323
ssh.local_port = 5433
ssh.remote_port = 5432
-----------------------------
cloudias79.com
2323
SSH: Connecting to guest@cloudias79.com:2323
SSH Tunnel established: localhost:5433 -> localhost:5432
JDBC: Connecting to jdbc:postgresql://localhost:5433/jtk_learn_db_dev # Connect to local forwarded port with user jtk_learn
SSH Tunnel disconnected.
]]></system-out>
    <system-err><![CDATA[SLF4J(W): No SLF4J providers were found.
SLF4J(W): Defaulting to no-operation (NOP) logger implementation
SLF4J(W): See https://www.slf4j.org/codes.html#noProviders for further details.
Jul 02, 2025 5:18:42 PM org.openqa.selenium.devtools.CdpVersionFinder findNearestMatch
WARNING: Unable to find an exact match for CDP version 138, returning the closest version; found: 136; Please update to a Selenium version that supports CDP version 138
Failed to establish database connection (or SSH tunnel): The connection attempt failed.
org.postgresql.util.PSQLException: The connection attempt failed.
	at org.postgresql.core.v3.ConnectionFactoryImpl.openConnectionImpl(ConnectionFactoryImpl.java:358)
	at org.postgresql.core.ConnectionFactory.openConnection(ConnectionFactory.java:54)
	at org.postgresql.jdbc.PgConnection.<init>(PgConnection.java:273)
	at org.postgresql.Driver.makeConnection(Driver.java:446)
	at org.postgresql.Driver.connect(Driver.java:298)
	at java.sql/java.sql.DriverManager.getConnection(DriverManager.java:613)
	at java.sql/java.sql.DriverManager.getConnection(DriverManager.java:199)
	at com.zaidan.testng.utils.DatabaseUtil.getConnection(DatabaseUtil.java:37)
	at com.zaidan.testng.definitions.Hooks.setupSuite(Hooks.java:19)
	at java.base/jdk.internal.reflect.DirectMethodHandleAccessor.invoke(DirectMethodHandleAccessor.java:104)
	at java.base/java.lang.reflect.Method.invoke(Method.java:565)
	at io.cucumber.java.Invoker.doInvoke(Invoker.java:66)
	at io.cucumber.java.Invoker.invokeStatic(Invoker.java:80)
	at io.cucumber.java.AbstractGlueDefinition.invokeMethod(AbstractGlueDefinition.java:45)
	at io.cucumber.java.JavaStaticHookDefinition.execute(JavaStaticHookDefinition.java:49)
	at io.cucumber.core.runner.Runner.executeHook(Runner.java:113)
	at io.cucumber.core.runner.Runner.lambda$executeHooks$3(Runner.java:100)
	at io.cucumber.core.runner.ThrowableCollector.execute(ThrowableCollector.java:21)
	at io.cucumber.core.runner.Runner.executeHooks(Runner.java:100)
	at io.cucumber.core.runner.Runner.runBeforeAllHooks(Runner.java:90)
	at io.cucumber.core.runtime.RethrowingThrowableCollector.executeAndThrow(RethrowingThrowableCollector.java:23)
	at io.cucumber.core.runtime.CucumberExecutionContext.runBeforeAllHooks(CucumberExecutionContext.java:93)
	at io.cucumber.testng.TestNGCucumberRunner.<init>(TestNGCucumberRunner.java:127)
	at io.cucumber.testng.AbstractTestNGCucumberTests.setUpClass(AbstractTestNGCucumberTests.java:27)
	at java.base/jdk.internal.reflect.DirectMethodHandleAccessor.invoke(DirectMethodHandleAccessor.java:104)
	at java.base/java.lang.reflect.Method.invoke(Method.java:565)
	at org.testng.internal.invokers.MethodInvocationHelper.invokeMethod(MethodInvocationHelper.java:141)
	at org.testng.internal.invokers.MethodInvocationHelper.invokeMethodConsideringTimeout(MethodInvocationHelper.java:71)
	at org.testng.internal.invokers.ConfigInvoker.invokeConfigurationMethod(ConfigInvoker.java:400)
	at org.testng.internal.invokers.ConfigInvoker.invokeConfigurations(ConfigInvoker.java:333)
	at org.testng.internal.invokers.TestMethodWorker.invokeBeforeClassMethods(TestMethodWorker.java:188)
	at org.testng.internal.invokers.TestMethodWorker.run(TestMethodWorker.java:128)
	at java.base/java.util.ArrayList.forEach(ArrayList.java:1604)
	at org.testng.TestRunner.privateRun(TestRunner.java:741)
	at org.testng.TestRunner.run(TestRunner.java:616)
	at org.testng.SuiteRunner.runTest(SuiteRunner.java:421)
	at org.testng.SuiteRunner.runSequentially(SuiteRunner.java:413)
	at org.testng.SuiteRunner.privateRun(SuiteRunner.java:373)
	at org.testng.SuiteRunner.run(SuiteRunner.java:312)
	at org.testng.SuiteRunnerWorker.runSuite(SuiteRunnerWorker.java:52)
	at org.testng.SuiteRunnerWorker.run(SuiteRunnerWorker.java:95)
	at org.testng.TestNG.runSuitesSequentially(TestNG.java:1274)
	at org.testng.TestNG.runSuitesLocally(TestNG.java:1208)
	at org.testng.TestNG.runSuites(TestNG.java:1112)
	at org.testng.TestNG.run(TestNG.java:1079)
	at org.apache.maven.surefire.testng.TestNGExecutor.run(TestNGExecutor.java:308)
	at org.apache.maven.surefire.testng.TestNGXmlTestSuite.execute(TestNGXmlTestSuite.java:71)
	at org.apache.maven.surefire.testng.TestNGProvider.invoke(TestNGProvider.java:113)
	at org.apache.maven.surefire.booter.ForkedBooter.runSuitesInProcess(ForkedBooter.java:385)
	at org.apache.maven.surefire.booter.ForkedBooter.execute(ForkedBooter.java:162)
	at org.apache.maven.surefire.booter.ForkedBooter.run(ForkedBooter.java:507)
	at org.apache.maven.surefire.booter.ForkedBooter.main(ForkedBooter.java:495)
Caused by: java.io.EOFException
	at org.postgresql.core.PGStream.receiveChar(PGStream.java:469)
	at org.postgresql.core.v3.ConnectionFactoryImpl.enableSSL(ConnectionFactoryImpl.java:594)
	at org.postgresql.core.v3.ConnectionFactoryImpl.tryConnect(ConnectionFactoryImpl.java:195)
	at org.postgresql.core.v3.ConnectionFactoryImpl.openConnectionImpl(ConnectionFactoryImpl.java:262)
	... 51 more
Failed to open database connection (or SSH tunnel) at suite start: Failed to establish database connection through SSH tunnel.
]]></system-err>
  </testcase>
</testsuite>