<?xml version="1.0" encoding="UTF-8"?>
<testng-results ignored="0" total="3" passed="0" failed="3" skipped="0">
  <reporter-output>
  </reporter-output>
  <suite started-at="2025-07-08T13:54:10 WIB" name="Suite" finished-at="2025-07-08T13:54:38 WIB" duration-ms="28377">
    <groups>
      <group name="cucumber">
        <method signature="AbstractTestNGCucumberTests.runScenario(io.cucumber.testng.PickleWrapper,io.cucumber.testng.FeatureWrapper)[pri:0, instance:com.zaidan.testng.runner.CucumberRunnerTests@1d9b7cce]" name="runScenario" class="io.cucumber.testng.AbstractTestNGCucumberTests"/>
      </group> <!-- cucumber -->
    </groups>
    <test started-at="2025-07-08T13:54:10 WIB" name="Cucumber Reporting" finished-at="2025-07-08T13:54:38 WIB" duration-ms="28377">
      <class name="com.zaidan.testng.runner.CucumberRunnerTests">
        <test-method is-config="true" signature="setUpClass(org.testng.ITestContext)[pri:0, instance:com.zaidan.testng.runner.CucumberRunnerTests@1d9b7cce]" started-at="2025-07-08T13:54:10 WIB" name="setUpClass" finished-at="2025-07-08T13:54:11 WIB" duration-ms="1613" status="PASS">
          <params>
            <param index="0">
              <value>
                <![CDATA[org.testng.TestRunner@4570d7b6]]>
              </value>
            </param>
          </params>
          <reporter-output>
          </reporter-output>
        </test-method> <!-- setUpClass -->
        <test-method signature="runScenario(io.cucumber.testng.PickleWrapper,io.cucumber.testng.FeatureWrapper)[pri:0, instance:com.zaidan.testng.runner.CucumberRunnerTests@1d9b7cce]" started-at="2025-07-08T13:54:11 WIB" name="runScenario" description="Runs Cucumber Scenarios" data-provider="scenarios" finished-at="2025-07-08T13:54:17 WIB" duration-ms="5798" status="FAIL">
          <params>
            <param index="0">
              <value>
                <![CDATA["Verify the time of finishing PDF material"]]>
              </value>
            </param>
            <param index="1">
              <value>
                <![CDATA["FR08-Access Materials"]]>
              </value>
            </param>
          </params>
          <exception class="java.lang.NullPointerException">
            <message>
              <![CDATA[Cannot invoke "org.openqa.selenium.WebElement.getDomProperty(String)" because "uiPDFElement" is null]]>
            </message>
            <full-stacktrace>
              <![CDATA[java.lang.NullPointerException: Cannot invoke "org.openqa.selenium.WebElement.getDomProperty(String)" because "uiPDFElement" is null
at com.zaidan.testng.definitions.AccessMaterials.userReadsPDFFile(AccessMaterials.java:133)
at ✽.User should be able to read the PDF file with material id 10(file:///C:/Users/MSI/OneDrive/Documents/Proyek/Fault%20Seeding/JTKLearn-Testing/src/test/resources/features/AccessMaterials.feature:67)
]]>
            </full-stacktrace>
          </exception> <!-- java.lang.NullPointerException -->
          <reporter-output>
          </reporter-output>
        </test-method> <!-- runScenario -->
        <test-method signature="runScenario(io.cucumber.testng.PickleWrapper,io.cucumber.testng.FeatureWrapper)[pri:0, instance:com.zaidan.testng.runner.CucumberRunnerTests@1d9b7cce]" started-at="2025-07-08T13:54:17 WIB" name="runScenario" description="Runs Cucumber Scenarios" data-provider="scenarios" finished-at="2025-07-08T13:54:29 WIB" duration-ms="11569" status="FAIL">
          <params>
            <param index="0">
              <value>
                <![CDATA["Verify the time of finishing PDF material"]]>
              </value>
            </param>
            <param index="1">
              <value>
                <![CDATA["FR08-Access Materials"]]>
              </value>
            </param>
          </params>
          <exception class="java.lang.AssertionError">
            <message>
              <![CDATA[The database progress percentage did not increase. expected [true] but found [false]]]>
            </message>
            <full-stacktrace>
              <![CDATA[java.lang.AssertionError: The database progress percentage did not increase. expected [true] but found [false]
at org.testng.Assert.fail(Assert.java:111)
at org.testng.Assert.failNotEquals(Assert.java:1590)
at org.testng.Assert.assertTrue(Assert.java:57)
at com.zaidan.testng.definitions.AccessMaterials.theDbPercentageIsUpdated(AccessMaterials.java:220)
at com.zaidan.testng.definitions.AccessMaterials.theSystemCorrectlyTracksPDFCompletion(AccessMaterials.java:207)
at ✽.The system correctly tracks PDF material completion for 3 minutes(file:///C:/Users/MSI/OneDrive/Documents/Proyek/Fault%20Seeding/JTKLearn-Testing/src/test/resources/features/AccessMaterials.feature:69)
]]>
            </full-stacktrace>
          </exception> <!-- java.lang.AssertionError -->
          <reporter-output>
          </reporter-output>
        </test-method> <!-- runScenario -->
        <test-method signature="runScenario(io.cucumber.testng.PickleWrapper,io.cucumber.testng.FeatureWrapper)[pri:0, instance:com.zaidan.testng.runner.CucumberRunnerTests@1d9b7cce]" started-at="2025-07-08T13:54:29 WIB" name="runScenario" description="Runs Cucumber Scenarios" data-provider="scenarios" finished-at="2025-07-08T13:54:38 WIB" duration-ms="9253" status="FAIL">
          <params>
            <param index="0">
              <value>
                <![CDATA["Verify the time of finishing PDF material"]]>
              </value>
            </param>
            <param index="1">
              <value>
                <![CDATA["FR08-Access Materials"]]>
              </value>
            </param>
          </params>
          <exception class="java.lang.AssertionError">
            <message>
              <![CDATA[The database progress percentage did not increase. expected [true] but found [false]]]>
            </message>
            <full-stacktrace>
              <![CDATA[java.lang.AssertionError: The database progress percentage did not increase. expected [true] but found [false]
at org.testng.Assert.fail(Assert.java:111)
at org.testng.Assert.failNotEquals(Assert.java:1590)
at org.testng.Assert.assertTrue(Assert.java:57)
at com.zaidan.testng.definitions.AccessMaterials.theDbPercentageIsUpdated(AccessMaterials.java:220)
at com.zaidan.testng.definitions.AccessMaterials.theSystemCorrectlyTracksPDFCompletion(AccessMaterials.java:207)
at ✽.The system correctly tracks PDF material completion for 4 minutes(file:///C:/Users/MSI/OneDrive/Documents/Proyek/Fault%20Seeding/JTKLearn-Testing/src/test/resources/features/AccessMaterials.feature:69)
]]>
            </full-stacktrace>
          </exception> <!-- java.lang.AssertionError -->
          <reporter-output>
          </reporter-output>
        </test-method> <!-- runScenario -->
        <test-method is-config="true" signature="tearDownClass()[pri:0, instance:com.zaidan.testng.runner.CucumberRunnerTests@1d9b7cce]" started-at="2025-07-08T13:54:38 WIB" name="tearDownClass" finished-at="2025-07-08T13:54:38 WIB" duration-ms="97" status="PASS">
          <reporter-output>
          </reporter-output>
        </test-method> <!-- tearDownClass -->
      </class> <!-- com.zaidan.testng.runner.CucumberRunnerTests -->
    </test> <!-- Cucumber Reporting -->
  </suite> <!-- Suite -->
</testng-results>
