<?xml version="1.0" encoding="UTF-8"?>
<testng-results ignored="0" total="4" passed="4" failed="0" skipped="0">
  <reporter-output>
  </reporter-output>
  <suite started-at="2025-06-26T20:21:26 WIB" name="Suite" finished-at="2025-06-26T20:21:50 WIB" duration-ms="24499">
    <groups>
      <group name="cucumber">
        <method signature="AbstractTestNGCucumberTests.runScenario(io.cucumber.testng.PickleWrapper,io.cucumber.testng.FeatureWrapper)[pri:0, instance:com.zaidan.testng.runner.CucumberRunnerTests@73a1e9a9]" name="runScenario" class="io.cucumber.testng.AbstractTestNGCucumberTests"/>
      </group> <!-- cucumber -->
    </groups>
    <test started-at="2025-06-26T20:21:26 WIB" name="Cucumber Reporting" finished-at="2025-06-26T20:21:50 WIB" duration-ms="24499">
      <class name="com.zaidan.testng.runner.CucumberRunnerTests">
        <test-method is-config="true" signature="setUpClass(org.testng.ITestContext)[pri:0, instance:com.zaidan.testng.runner.CucumberRunnerTests@73a1e9a9]" started-at="2025-06-26T20:21:26 WIB" name="setUpClass" finished-at="2025-06-26T20:21:26 WIB" duration-ms="416" status="PASS">
          <params>
            <param index="0">
              <value>
                <![CDATA[org.testng.TestRunner@341b13a8]]>
              </value>
            </param>
          </params>
          <reporter-output>
          </reporter-output>
        </test-method> <!-- setUpClass -->
        <test-method signature="runScenario(io.cucumber.testng.PickleWrapper,io.cucumber.testng.FeatureWrapper)[pri:0, instance:com.zaidan.testng.runner.CucumberRunnerTests@73a1e9a9]" started-at="2025-06-26T20:21:26 WIB" name="runScenario" description="Runs Cucumber Scenarios" data-provider="scenarios" finished-at="2025-06-26T20:21:32 WIB" duration-ms="5814" status="PASS">
          <params>
            <param index="0">
              <value>
                <![CDATA["Login with valid credentials"]]>
              </value>
            </param>
            <param index="1">
              <value>
                <![CDATA["Login to JTK Learn Application"]]>
              </value>
            </param>
          </params>
          <reporter-output>
          </reporter-output>
        </test-method> <!-- runScenario -->
        <test-method signature="runScenario(io.cucumber.testng.PickleWrapper,io.cucumber.testng.FeatureWrapper)[pri:0, instance:com.zaidan.testng.runner.CucumberRunnerTests@73a1e9a9]" started-at="2025-06-26T20:21:32 WIB" name="runScenario" description="Runs Cucumber Scenarios" data-provider="scenarios" finished-at="2025-06-26T20:21:38 WIB" duration-ms="5815" status="PASS">
          <params>
            <param index="0">
              <value>
                <![CDATA["Login with valid credentials"]]>
              </value>
            </param>
            <param index="1">
              <value>
                <![CDATA["Login to JTK Learn Application"]]>
              </value>
            </param>
          </params>
          <reporter-output>
          </reporter-output>
        </test-method> <!-- runScenario -->
        <test-method signature="runScenario(io.cucumber.testng.PickleWrapper,io.cucumber.testng.FeatureWrapper)[pri:0, instance:com.zaidan.testng.runner.CucumberRunnerTests@73a1e9a9]" started-at="2025-06-26T20:21:38 WIB" name="runScenario" description="Runs Cucumber Scenarios" data-provider="scenarios" finished-at="2025-06-26T20:21:44 WIB" duration-ms="6594" status="PASS">
          <params>
            <param index="0">
              <value>
                <![CDATA["Login with valid credentials"]]>
              </value>
            </param>
            <param index="1">
              <value>
                <![CDATA["Login to JTK Learn Application"]]>
              </value>
            </param>
          </params>
          <reporter-output>
          </reporter-output>
        </test-method> <!-- runScenario -->
        <test-method signature="runScenario(io.cucumber.testng.PickleWrapper,io.cucumber.testng.FeatureWrapper)[pri:0, instance:com.zaidan.testng.runner.CucumberRunnerTests@73a1e9a9]" started-at="2025-06-26T20:21:44 WIB" name="runScenario" description="Runs Cucumber Scenarios" data-provider="scenarios" finished-at="2025-06-26T20:21:50 WIB" duration-ms="5773" status="PASS">
          <params>
            <param index="0">
              <value>
                <![CDATA["Login with invalid credentials"]]>
              </value>
            </param>
            <param index="1">
              <value>
                <![CDATA["Login to JTK Learn Application"]]>
              </value>
            </param>
          </params>
          <reporter-output>
          </reporter-output>
        </test-method> <!-- runScenario -->
        <test-method is-config="true" signature="tearDownClass()[pri:0, instance:com.zaidan.testng.runner.CucumberRunnerTests@73a1e9a9]" started-at="2025-06-26T20:21:50 WIB" name="tearDownClass" finished-at="2025-06-26T20:21:50 WIB" duration-ms="54" status="PASS">
          <reporter-output>
          </reporter-output>
        </test-method> <!-- tearDownClass -->
      </class> <!-- com.zaidan.testng.runner.CucumberRunnerTests -->
    </test> <!-- Cucumber Reporting -->
  </suite> <!-- Suite -->
</testng-results>
