-------------------------------------------------------------------------------
Test set: TestSuite
-------------------------------------------------------------------------------
Tests run: 1, Failures: 1, Errors: 0, Skipped: 0, Time elapsed: 6.114 s <<< FAILURE! -- in TestSuite
com.zaidan.testng.runner.CucumberRunnerTests.setUpClass[org.testng.TestRunner@f096f37](0) -- Time elapsed: 5.936 s <<< FAILURE!
java.lang.RuntimeException: Test suite cannot proceed without database connection.
	at com.zaidan.testng.definitions.Hooks.setupSuite(Hooks.java:22)
Caused by: java.sql.SQLException: Failed to establish database connection through SSH tunnel.
	at com.zaidan.testng.utils.DatabaseUtil.getConnection(DatabaseUtil.java:43)
	at com.zaidan.testng.definitions.Hooks.setupSuite(Hooks.java:19)
Caused by: org.postgresql.util.PSQLException: The connection attempt failed.
	at org.postgresql.core.v3.ConnectionFactoryImpl.openConnectionImpl(ConnectionFactoryImpl.java:358)
	at org.postgresql.core.ConnectionFactory.openConnection(ConnectionFactory.java:54)
	at org.postgresql.jdbc.PgConnection.<init>(PgConnection.java:273)
	at org.postgresql.Driver.makeConnection(Driver.java:446)
	at org.postgresql.Driver.connect(Driver.java:298)
	at java.sql/java.sql.DriverManager.getConnection(DriverManager.java:613)
	at java.sql/java.sql.DriverManager.getConnection(DriverManager.java:199)
	at com.zaidan.testng.utils.DatabaseUtil.getConnection(DatabaseUtil.java:37)
	... 1 more
Caused by: java.io.EOFException
	at org.postgresql.core.PGStream.receiveChar(PGStream.java:469)
	at org.postgresql.core.v3.ConnectionFactoryImpl.enableSSL(ConnectionFactoryImpl.java:594)
	at org.postgresql.core.v3.ConnectionFactoryImpl.tryConnect(ConnectionFactoryImpl.java:195)
	at org.postgresql.core.v3.ConnectionFactoryImpl.openConnectionImpl(ConnectionFactoryImpl.java:262)
	... 8 more

