<?xml version="1.0" encoding="UTF-8"?>
<testng-results ignored="0" total="1" passed="1" failed="0" skipped="0">
  <reporter-output>
  </reporter-output>
  <suite started-at="2025-07-01T17:08:50 WIB" name="Suite" finished-at="2025-07-01T17:08:58 WIB" duration-ms="7554">
    <groups>
      <group name="cucumber">
        <method signature="AbstractTestNGCucumberTests.runScenario(io.cucumber.testng.PickleWrapper,io.cucumber.testng.FeatureWrapper)[pri:0, instance:com.zaidan.testng.runner.CucumberRunnerTests@384ad17b]" name="runScenario" class="io.cucumber.testng.AbstractTestNGCucumberTests"/>
      </group> <!-- cucumber -->
    </groups>
    <test started-at="2025-07-01T17:08:50 WIB" name="Cucumber Reporting" finished-at="2025-07-01T17:08:58 WIB" duration-ms="7554">
      <class name="com.zaidan.testng.runner.CucumberRunnerTests">
        <test-method is-config="true" signature="setUpClass(org.testng.ITestContext)[pri:0, instance:com.zaidan.testng.runner.CucumberRunnerTests@384ad17b]" started-at="2025-07-01T17:08:50 WIB" name="setUpClass" finished-at="2025-07-01T17:08:51 WIB" duration-ms="916" status="PASS">
          <params>
            <param index="0">
              <value>
                <![CDATA[org.testng.TestRunner@799ed4e8]]>
              </value>
            </param>
          </params>
          <reporter-output>
          </reporter-output>
        </test-method> <!-- setUpClass -->
        <test-method signature="runScenario(io.cucumber.testng.PickleWrapper,io.cucumber.testng.FeatureWrapper)[pri:0, instance:com.zaidan.testng.runner.CucumberRunnerTests@384ad17b]" started-at="2025-07-01T17:08:51 WIB" name="runScenario" description="Runs Cucumber Scenarios" data-provider="scenarios" finished-at="2025-07-01T17:08:57 WIB" duration-ms="6491" status="PASS">
          <params>
            <param index="0">
              <value>
                <![CDATA["Verify dashboard page for a student who hasn't registered for any courses"]]>
              </value>
            </param>
            <param index="1">
              <value>
                <![CDATA["View Dashboard"]]>
              </value>
            </param>
          </params>
          <reporter-output>
          </reporter-output>
        </test-method> <!-- runScenario -->
        <test-method is-config="true" signature="tearDownClass()[pri:0, instance:com.zaidan.testng.runner.CucumberRunnerTests@384ad17b]" started-at="2025-07-01T17:08:57 WIB" name="tearDownClass" finished-at="2025-07-01T17:08:58 WIB" duration-ms="86" status="PASS">
          <reporter-output>
          </reporter-output>
        </test-method> <!-- tearDownClass -->
      </class> <!-- com.zaidan.testng.runner.CucumberRunnerTests -->
    </test> <!-- Cucumber Reporting -->
  </suite> <!-- Suite -->
</testng-results>
