<?xml version="1.0" encoding="UTF-8"?>
<testng-results ignored="0" total="3" passed="1" failed="2" skipped="0">
  <reporter-output>
  </reporter-output>
  <suite started-at="2025-07-08T20:39:52 WIB" name="Suite" finished-at="2025-07-08T20:41:10 WIB" duration-ms="78583">
    <groups>
      <group name="cucumber">
        <method signature="AbstractTestNGCucumberTests.runScenario(io.cucumber.testng.PickleWrapper,io.cucumber.testng.FeatureWrapper)[pri:0, instance:com.zaidan.testng.runner.CucumberRunnerTests@34123d65]" name="runScenario" class="io.cucumber.testng.AbstractTestNGCucumberTests"/>
      </group> <!-- cucumber -->
    </groups>
    <test started-at="2025-07-08T20:39:52 WIB" name="Cucumber Reporting" finished-at="2025-07-08T20:41:10 WIB" duration-ms="78583">
      <class name="com.zaidan.testng.runner.CucumberRunnerTests">
        <test-method is-config="true" signature="setUpClass(org.testng.ITestContext)[pri:0, instance:com.zaidan.testng.runner.CucumberRunnerTests@34123d65]" started-at="2025-07-08T20:39:52 WIB" name="setUpClass" finished-at="2025-07-08T20:39:54 WIB" duration-ms="1893" status="PASS">
          <params>
            <param index="0">
              <value>
                <![CDATA[org.testng.TestRunner@5d3b58ca]]>
              </value>
            </param>
          </params>
          <reporter-output>
          </reporter-output>
        </test-method> <!-- setUpClass -->
        <test-method signature="runScenario(io.cucumber.testng.PickleWrapper,io.cucumber.testng.FeatureWrapper)[pri:0, instance:com.zaidan.testng.runner.CucumberRunnerTests@34123d65]" started-at="2025-07-08T20:39:54 WIB" name="runScenario" description="Runs Cucumber Scenarios" data-provider="scenarios" finished-at="2025-07-08T20:40:00 WIB" duration-ms="5949" status="PASS">
          <params>
            <param index="0">
              <value>
                <![CDATA["Login with valid credentials"]]>
              </value>
            </param>
            <param index="1">
              <value>
                <![CDATA["FR-01 Authentication"]]>
              </value>
            </param>
          </params>
          <reporter-output>
          </reporter-output>
        </test-method> <!-- runScenario -->
        <test-method signature="runScenario(io.cucumber.testng.PickleWrapper,io.cucumber.testng.FeatureWrapper)[pri:0, instance:com.zaidan.testng.runner.CucumberRunnerTests@34123d65]" started-at="2025-07-08T20:40:00 WIB" name="runScenario" description="Runs Cucumber Scenarios" data-provider="scenarios" finished-at="2025-07-08T20:40:35 WIB" duration-ms="35453" status="FAIL">
          <params>
            <param index="0">
              <value>
                <![CDATA["User navigates to Beranda through Kursus Saya and sees course list"]]>
              </value>
            </param>
            <param index="1">
              <value>
                <![CDATA["FR-01 Authentication"]]>
              </value>
            </param>
          </params>
          <exception class="java.lang.AssertionError">
            <message>
              <![CDATA[The title is not match! expected [Kursus] but found [kosong]]]>
            </message>
            <full-stacktrace>
              <![CDATA[java.lang.AssertionError: The title is not match! expected [Kursus] but found [kosong]
at org.testng.Assert.fail(Assert.java:111)
at org.testng.Assert.failNotEquals(Assert.java:1590)
at org.testng.Assert.assertEqualsImpl(Assert.java:150)
at org.testng.Assert.assertEquals(Assert.java:132)
at org.testng.Assert.assertEquals(Assert.java:656)
at com.zaidan.testng.definitions.LoginPageDefinitions.page_title_displayed(LoginPageDefinitions.java:115)
at ✽.Page title should be displayed(file:///E:/POLITEKNIK%20NEGERI%20BANDUNG/Penelitian%20Fault%20Seeding/Tester/jtklearn-testing/jtklearn-testing/src/test/resources/features/LoginPage.feature:21)
]]>
            </full-stacktrace>
          </exception> <!-- java.lang.AssertionError -->
          <reporter-output>
          </reporter-output>
        </test-method> <!-- runScenario -->
        <test-method signature="runScenario(io.cucumber.testng.PickleWrapper,io.cucumber.testng.FeatureWrapper)[pri:0, instance:com.zaidan.testng.runner.CucumberRunnerTests@34123d65]" started-at="2025-07-08T20:40:35 WIB" name="runScenario" description="Runs Cucumber Scenarios" data-provider="scenarios" finished-at="2025-07-08T20:41:10 WIB" duration-ms="35217" status="FAIL">
          <params>
            <param index="0">
              <value>
                <![CDATA["User click on Username Menu and sub menu is displayed"]]>
              </value>
            </param>
            <param index="1">
              <value>
                <![CDATA["FR-01 Authentication"]]>
              </value>
            </param>
          </params>
          <exception class="java.lang.AssertionError">
            <message>
              <![CDATA[Sub menu Keluar is not displayed expected [true] but found [false]]]>
            </message>
            <full-stacktrace>
              <![CDATA[java.lang.AssertionError: Sub menu Keluar is not displayed expected [true] but found [false]
at org.testng.Assert.fail(Assert.java:111)
at org.testng.Assert.failNotEquals(Assert.java:1590)
at org.testng.Assert.assertTrue(Assert.java:57)
at com.zaidan.testng.definitions.LoginPageDefinitions.keluar_displayed(LoginPageDefinitions.java:134)
at ✽.Sub menu keluar is displayed(file:///E:/POLITEKNIK%20NEGERI%20BANDUNG/Penelitian%20Fault%20Seeding/Tester/jtklearn-testing/jtklearn-testing/src/test/resources/features/LoginPage.feature:27)
]]>
            </full-stacktrace>
          </exception> <!-- java.lang.AssertionError -->
          <reporter-output>
          </reporter-output>
        </test-method> <!-- runScenario -->
        <test-method is-config="true" signature="tearDownClass()[pri:0, instance:com.zaidan.testng.runner.CucumberRunnerTests@34123d65]" started-at="2025-07-08T20:41:10 WIB" name="tearDownClass" finished-at="2025-07-08T20:41:10 WIB" duration-ms="29" status="PASS">
          <reporter-output>
          </reporter-output>
        </test-method> <!-- tearDownClass -->
      </class> <!-- com.zaidan.testng.runner.CucumberRunnerTests -->
    </test> <!-- Cucumber Reporting -->
  </suite> <!-- Suite -->
</testng-results>
