<?xml version="1.0" encoding="UTF-8"?>
<testng-results ignored="0" total="5" passed="5" failed="0" skipped="0">
  <reporter-output>
  </reporter-output>
  <suite started-at="2025-07-03T11:18:57 WIB" name="Suite" finished-at="2025-07-03T11:19:39 WIB" duration-ms="41801">
    <groups>
      <group name="cucumber">
        <method signature="AbstractTestNGCucumberTests.runScenario(io.cucumber.testng.PickleWrapper,io.cucumber.testng.FeatureWrapper)[pri:0, instance:com.zaidan.testng.runner.CucumberRunnerTests@1d9b7cce]" name="runScenario" class="io.cucumber.testng.AbstractTestNGCucumberTests"/>
      </group> <!-- cucumber -->
    </groups>
    <test started-at="2025-07-03T11:18:57 WIB" name="Cucumber Reporting" finished-at="2025-07-03T11:19:39 WIB" duration-ms="41801">
      <class name="com.zaidan.testng.runner.CucumberRunnerTests">
        <test-method is-config="true" signature="setUpClass(org.testng.ITestContext)[pri:0, instance:com.zaidan.testng.runner.CucumberRunnerTests@1d9b7cce]" started-at="2025-07-03T11:18:57 WIB" name="setUpClass" finished-at="2025-07-03T11:19:02 WIB" duration-ms="4963" status="PASS">
          <params>
            <param index="0">
              <value>
                <![CDATA[org.testng.TestRunner@2001e48c]]>
              </value>
            </param>
          </params>
          <reporter-output>
          </reporter-output>
        </test-method> <!-- setUpClass -->
        <test-method signature="runScenario(io.cucumber.testng.PickleWrapper,io.cucumber.testng.FeatureWrapper)[pri:0, instance:com.zaidan.testng.runner.CucumberRunnerTests@1d9b7cce]" started-at="2025-07-03T11:19:02 WIB" name="runScenario" description="Runs Cucumber Scenarios" data-provider="scenarios" finished-at="2025-07-03T11:19:06 WIB" duration-ms="3936" status="PASS">
          <params>
            <param index="0">
              <value>
                <![CDATA["Verify dashboard page for a student who hasn't registered for any courses"]]>
              </value>
            </param>
            <param index="1">
              <value>
                <![CDATA["View Dashboard"]]>
              </value>
            </param>
          </params>
          <reporter-output>
          </reporter-output>
        </test-method> <!-- runScenario -->
        <test-method signature="runScenario(io.cucumber.testng.PickleWrapper,io.cucumber.testng.FeatureWrapper)[pri:0, instance:com.zaidan.testng.runner.CucumberRunnerTests@1d9b7cce]" started-at="2025-07-03T11:19:06 WIB" name="runScenario" description="Runs Cucumber Scenarios" data-provider="scenarios" finished-at="2025-07-03T11:19:11 WIB" duration-ms="5124" status="PASS">
          <params>
            <param index="0">
              <value>
                <![CDATA["Verify dashboard page for a student who registered in courses from different lecturer"]]>
              </value>
            </param>
            <param index="1">
              <value>
                <![CDATA["View Dashboard"]]>
              </value>
            </param>
          </params>
          <reporter-output>
          </reporter-output>
        </test-method> <!-- runScenario -->
        <test-method signature="runScenario(io.cucumber.testng.PickleWrapper,io.cucumber.testng.FeatureWrapper)[pri:0, instance:com.zaidan.testng.runner.CucumberRunnerTests@1d9b7cce]" started-at="2025-07-03T11:19:11 WIB" name="runScenario" description="Runs Cucumber Scenarios" data-provider="scenarios" finished-at="2025-07-03T11:19:16 WIB" duration-ms="4856" status="PASS">
          <params>
            <param index="0">
              <value>
                <![CDATA["Login with valid credentials"]]>
              </value>
            </param>
            <param index="1">
              <value>
                <![CDATA["Login to JTK Learn Application"]]>
              </value>
            </param>
          </params>
          <reporter-output>
          </reporter-output>
        </test-method> <!-- runScenario -->
        <test-method signature="runScenario(io.cucumber.testng.PickleWrapper,io.cucumber.testng.FeatureWrapper)[pri:0, instance:com.zaidan.testng.runner.CucumberRunnerTests@1d9b7cce]" started-at="2025-07-03T11:19:16 WIB" name="runScenario" description="Runs Cucumber Scenarios" data-provider="scenarios" finished-at="2025-07-03T11:19:23 WIB" duration-ms="6572" status="PASS">
          <params>
            <param index="0">
              <value>
                <![CDATA["User navigates to Beranda through Kursus Saya and sees course list"]]>
              </value>
            </param>
            <param index="1">
              <value>
                <![CDATA["Login to JTK Learn Application"]]>
              </value>
            </param>
          </params>
          <reporter-output>
          </reporter-output>
        </test-method> <!-- runScenario -->
        <test-method signature="runScenario(io.cucumber.testng.PickleWrapper,io.cucumber.testng.FeatureWrapper)[pri:0, instance:com.zaidan.testng.runner.CucumberRunnerTests@1d9b7cce]" started-at="2025-07-03T11:19:23 WIB" name="runScenario" description="Runs Cucumber Scenarios" data-provider="scenarios" finished-at="2025-07-03T11:19:39 WIB" duration-ms="16112" status="PASS">
          <params>
            <param index="0">
              <value>
                <![CDATA["User click on Username Menu and sub menu is displayed"]]>
              </value>
            </param>
            <param index="1">
              <value>
                <![CDATA["Login to JTK Learn Application"]]>
              </value>
            </param>
          </params>
          <reporter-output>
          </reporter-output>
        </test-method> <!-- runScenario -->
        <test-method is-config="true" signature="tearDownClass()[pri:0, instance:com.zaidan.testng.runner.CucumberRunnerTests@1d9b7cce]" started-at="2025-07-03T11:19:39 WIB" name="tearDownClass" finished-at="2025-07-03T11:19:39 WIB" duration-ms="169" status="PASS">
          <reporter-output>
          </reporter-output>
        </test-method> <!-- tearDownClass -->
      </class> <!-- com.zaidan.testng.runner.CucumberRunnerTests -->
    </test> <!-- Cucumber Reporting -->
  </suite> <!-- Suite -->
</testng-results>
