<?xml version="1.0" encoding="UTF-8"?>
<testng-results ignored="0" total="2" passed="2" failed="0" skipped="0">
  <reporter-output>
  </reporter-output>
  <suite started-at="2025-07-07T09:28:46 WIB" name="Suite" finished-at="2025-07-07T09:29:01 WIB" duration-ms="15857">
    <groups>
      <group name="cucumber">
        <method signature="AbstractTestNGCucumberTests.runScenario(io.cucumber.testng.PickleWrapper,io.cucumber.testng.FeatureWrapper)[pri:0, instance:com.zaidan.testng.runner.CucumberRunnerTests@34123d65]" name="runScenario" class="io.cucumber.testng.AbstractTestNGCucumberTests"/>
      </group> <!-- cucumber -->
    </groups>
    <test started-at="2025-07-07T09:28:46 WIB" name="Cucumber Reporting" finished-at="2025-07-07T09:29:01 WIB" duration-ms="15857">
      <class name="com.zaidan.testng.runner.CucumberRunnerTests">
        <test-method is-config="true" signature="setUpClass(org.testng.ITestContext)[pri:0, instance:com.zaidan.testng.runner.CucumberRunnerTests@34123d65]" started-at="2025-07-07T09:28:46 WIB" name="setUpClass" finished-at="2025-07-07T09:28:47 WIB" duration-ms="1645" status="PASS">
          <params>
            <param index="0">
              <value>
                <![CDATA[org.testng.TestRunner@3134153d]]>
              </value>
            </param>
          </params>
          <reporter-output>
          </reporter-output>
        </test-method> <!-- setUpClass -->
        <test-method signature="runScenario(io.cucumber.testng.PickleWrapper,io.cucumber.testng.FeatureWrapper)[pri:0, instance:com.zaidan.testng.runner.CucumberRunnerTests@34123d65]" started-at="2025-07-07T09:28:47 WIB" name="runScenario" description="Runs Cucumber Scenarios" data-provider="scenarios" finished-at="2025-07-07T09:28:56 WIB" duration-ms="8448" status="PASS">
          <params>
            <param index="0">
              <value>
                <![CDATA["View quiz history page when no courses are enrolled"]]>
              </value>
            </param>
            <param index="1">
              <value>
                <![CDATA["TC FR-11 Quiz Results History"]]>
              </value>
            </param>
          </params>
          <reporter-output>
          </reporter-output>
        </test-method> <!-- runScenario -->
        <test-method signature="runScenario(io.cucumber.testng.PickleWrapper,io.cucumber.testng.FeatureWrapper)[pri:0, instance:com.zaidan.testng.runner.CucumberRunnerTests@34123d65]" started-at="2025-07-07T09:28:56 WIB" name="runScenario" description="Runs Cucumber Scenarios" data-provider="scenarios" finished-at="2025-07-07T09:29:01 WIB" duration-ms="5615" status="PASS">
          <params>
            <param index="0">
              <value>
                <![CDATA["View quiz history for an enrolled course with no quiz attempts"]]>
              </value>
            </param>
            <param index="1">
              <value>
                <![CDATA["TC FR-11 Quiz Results History"]]>
              </value>
            </param>
          </params>
          <reporter-output>
          </reporter-output>
        </test-method> <!-- runScenario -->
        <test-method is-config="true" signature="tearDownClass()[pri:0, instance:com.zaidan.testng.runner.CucumberRunnerTests@34123d65]" started-at="2025-07-07T09:29:01 WIB" name="tearDownClass" finished-at="2025-07-07T09:29:01 WIB" duration-ms="113" status="PASS">
          <reporter-output>
          </reporter-output>
        </test-method> <!-- tearDownClass -->
      </class> <!-- com.zaidan.testng.runner.CucumberRunnerTests -->
    </test> <!-- Cucumber Reporting -->
  </suite> <!-- Suite -->
</testng-results>
