<?xml version="1.0" encoding="UTF-8"?>
<testng-results ignored="0" total="7" passed="7" failed="0" skipped="0">
  <reporter-output>
  </reporter-output>
  <suite started-at="2025-07-04T06:52:18 WIB" name="Suite" finished-at="2025-07-04T06:52:39 WIB" duration-ms="21053">
    <groups>
      <group name="cucumber">
        <method signature="AbstractTestNGCucumberTests.runScenario(io.cucumber.testng.PickleWrapper,io.cucumber.testng.FeatureWrapper)[pri:0, instance:com.zaidan.testng.runner.CucumberRunnerTests@34123d65]" name="runScenario" class="io.cucumber.testng.AbstractTestNGCucumberTests"/>
      </group> <!-- cucumber -->
    </groups>
    <test started-at="2025-07-04T06:52:18 WIB" name="Cucumber Reporting" finished-at="2025-07-04T06:52:39 WIB" duration-ms="21053">
      <class name="com.zaidan.testng.runner.CucumberRunnerTests">
        <test-method is-config="true" signature="setUpClass(org.testng.ITestContext)[pri:0, instance:com.zaidan.testng.runner.CucumberRunnerTests@34123d65]" started-at="2025-07-04T06:52:18 WIB" name="setUpClass" finished-at="2025-07-04T06:52:19 WIB" duration-ms="1401" status="PASS">
          <params>
            <param index="0">
              <value>
                <![CDATA[org.testng.TestRunner@508ad266]]>
              </value>
            </param>
          </params>
          <reporter-output>
          </reporter-output>
        </test-method> <!-- setUpClass -->
        <test-method signature="runScenario(io.cucumber.testng.PickleWrapper,io.cucumber.testng.FeatureWrapper)[pri:0, instance:com.zaidan.testng.runner.CucumberRunnerTests@34123d65]" started-at="2025-07-04T06:52:19 WIB" name="runScenario" description="Runs Cucumber Scenarios" data-provider="scenarios" finished-at="2025-07-04T06:52:21 WIB" duration-ms="2266" status="PASS">
          <params>
            <param index="0">
              <value>
                <![CDATA["Verify video can be played"]]>
              </value>
            </param>
            <param index="1">
              <value>
                <![CDATA["FR08-Access Materials"]]>
              </value>
            </param>
          </params>
          <reporter-output>
          </reporter-output>
        </test-method> <!-- runScenario -->
        <test-method signature="runScenario(io.cucumber.testng.PickleWrapper,io.cucumber.testng.FeatureWrapper)[pri:0, instance:com.zaidan.testng.runner.CucumberRunnerTests@34123d65]" started-at="2025-07-04T06:52:21 WIB" name="runScenario" description="Runs Cucumber Scenarios" data-provider="scenarios" finished-at="2025-07-04T06:52:25 WIB" duration-ms="3720" status="PASS">
          <params>
            <param index="0">
              <value>
                <![CDATA["Verify dashboard page for a student who hasn't registered for any courses"]]>
              </value>
            </param>
            <param index="1">
              <value>
                <![CDATA["FR03-View Dashboard"]]>
              </value>
            </param>
          </params>
          <reporter-output>
          </reporter-output>
        </test-method> <!-- runScenario -->
        <test-method signature="runScenario(io.cucumber.testng.PickleWrapper,io.cucumber.testng.FeatureWrapper)[pri:0, instance:com.zaidan.testng.runner.CucumberRunnerTests@34123d65]" started-at="2025-07-04T06:52:25 WIB" name="runScenario" description="Runs Cucumber Scenarios" data-provider="scenarios" finished-at="2025-07-04T06:52:27 WIB" duration-ms="2269" status="PASS">
          <params>
            <param index="0">
              <value>
                <![CDATA["Verify dashboard page for a student who registered in courses from different lecturer"]]>
              </value>
            </param>
            <param index="1">
              <value>
                <![CDATA["FR03-View Dashboard"]]>
              </value>
            </param>
          </params>
          <reporter-output>
          </reporter-output>
        </test-method> <!-- runScenario -->
        <test-method signature="runScenario(io.cucumber.testng.PickleWrapper,io.cucumber.testng.FeatureWrapper)[pri:0, instance:com.zaidan.testng.runner.CucumberRunnerTests@34123d65]" started-at="2025-07-04T06:52:27 WIB" name="runScenario" description="Runs Cucumber Scenarios" data-provider="scenarios" finished-at="2025-07-04T06:52:30 WIB" duration-ms="2721" status="PASS">
          <params>
            <param index="0">
              <value>
                <![CDATA["Login with valid credentials"]]>
              </value>
            </param>
            <param index="1">
              <value>
                <![CDATA["Login to JTK Learn Application"]]>
              </value>
            </param>
          </params>
          <reporter-output>
          </reporter-output>
        </test-method> <!-- runScenario -->
        <test-method signature="runScenario(io.cucumber.testng.PickleWrapper,io.cucumber.testng.FeatureWrapper)[pri:0, instance:com.zaidan.testng.runner.CucumberRunnerTests@34123d65]" started-at="2025-07-04T06:52:30 WIB" name="runScenario" description="Runs Cucumber Scenarios" data-provider="scenarios" finished-at="2025-07-04T06:52:33 WIB" duration-ms="2931" status="PASS">
          <params>
            <param index="0">
              <value>
                <![CDATA["User navigates to Beranda through Kursus Saya and sees course list"]]>
              </value>
            </param>
            <param index="1">
              <value>
                <![CDATA["Login to JTK Learn Application"]]>
              </value>
            </param>
          </params>
          <reporter-output>
          </reporter-output>
        </test-method> <!-- runScenario -->
        <test-method signature="runScenario(io.cucumber.testng.PickleWrapper,io.cucumber.testng.FeatureWrapper)[pri:0, instance:com.zaidan.testng.runner.CucumberRunnerTests@34123d65]" started-at="2025-07-04T06:52:33 WIB" name="runScenario" description="Runs Cucumber Scenarios" data-provider="scenarios" finished-at="2025-07-04T06:52:35 WIB" duration-ms="1898" status="PASS">
          <params>
            <param index="0">
              <value>
                <![CDATA["User click on Username Menu and sub menu is displayed"]]>
              </value>
            </param>
            <param index="1">
              <value>
                <![CDATA["Login to JTK Learn Application"]]>
              </value>
            </param>
          </params>
          <reporter-output>
          </reporter-output>
        </test-method> <!-- runScenario -->
        <test-method signature="runScenario(io.cucumber.testng.PickleWrapper,io.cucumber.testng.FeatureWrapper)[pri:0, instance:com.zaidan.testng.runner.CucumberRunnerTests@34123d65]" started-at="2025-07-04T06:52:35 WIB" name="runScenario" description="Runs Cucumber Scenarios" data-provider="scenarios" finished-at="2025-07-04T06:52:39 WIB" duration-ms="3774" status="PASS">
          <params>
            <param index="0">
              <value>
                <![CDATA["Student verifies the enrolled course details and progress against the database"]]>
              </value>
            </param>
            <param index="1">
              <value>
                <![CDATA["Access My Course and taking the Enrollment"]]>
              </value>
            </param>
          </params>
          <reporter-output>
          </reporter-output>
        </test-method> <!-- runScenario -->
        <test-method is-config="true" signature="tearDownClass()[pri:0, instance:com.zaidan.testng.runner.CucumberRunnerTests@34123d65]" started-at="2025-07-04T06:52:39 WIB" name="tearDownClass" finished-at="2025-07-04T06:52:39 WIB" duration-ms="44" status="PASS">
          <reporter-output>
          </reporter-output>
        </test-method> <!-- tearDownClass -->
      </class> <!-- com.zaidan.testng.runner.CucumberRunnerTests -->
    </test> <!-- Cucumber Reporting -->
  </suite> <!-- Suite -->
</testng-results>
