<?xml version="1.0" encoding="UTF-8"?>
<testng-results ignored="0" total="7" passed="7" failed="0" skipped="0">
  <reporter-output>
  </reporter-output>
  <suite started-at="2025-07-15T16:52:27 WIB" name="Suite" finished-at="2025-07-15T16:55:35 WIB" duration-ms="188624">
    <groups>
      <group name="cucumber">
        <method signature="AbstractTestNGCucumberTests.runScenario(io.cucumber.testng.PickleWrapper,io.cucumber.testng.FeatureWrapper)[pri:0, instance:com.zaidan.testng.runner.CucumberRunnerTests@1d9b7cce]" name="runScenario" class="io.cucumber.testng.AbstractTestNGCucumberTests"/>
      </group> <!-- cucumber -->
    </groups>
    <test started-at="2025-07-15T16:52:27 WIB" name="Cucumber Reporting" finished-at="2025-07-15T16:55:35 WIB" duration-ms="188624">
      <class name="com.zaidan.testng.runner.CucumberRunnerTests">
        <test-method is-config="true" signature="setUpClass(org.testng.ITestContext)[pri:0, instance:com.zaidan.testng.runner.CucumberRunnerTests@1d9b7cce]" started-at="2025-07-15T16:52:27 WIB" name="setUpClass" finished-at="2025-07-15T16:52:29 WIB" duration-ms="2261" status="PASS">
          <params>
            <param index="0">
              <value>
                <![CDATA[org.testng.TestRunner@74eec640]]>
              </value>
            </param>
          </params>
          <reporter-output>
          </reporter-output>
        </test-method> <!-- setUpClass -->
        <test-method signature="runScenario(io.cucumber.testng.PickleWrapper,io.cucumber.testng.FeatureWrapper)[pri:0, instance:com.zaidan.testng.runner.CucumberRunnerTests@1d9b7cce]" started-at="2025-07-15T16:52:29 WIB" name="runScenario" description="Runs Cucumber Scenarios" data-provider="scenarios" finished-at="2025-07-15T16:53:04 WIB" duration-ms="34588" status="PASS">
          <params>
            <param index="0">
              <value>
                <![CDATA["Verify progress overview page with a student has not finished all materials and quizzes yet"]]>
              </value>
            </param>
            <param index="1">
              <value>
                <![CDATA["FR-12 Progress Overview"]]>
              </value>
            </param>
          </params>
          <reporter-output>
          </reporter-output>
        </test-method> <!-- runScenario -->
        <test-method signature="runScenario(io.cucumber.testng.PickleWrapper,io.cucumber.testng.FeatureWrapper)[pri:0, instance:com.zaidan.testng.runner.CucumberRunnerTests@1d9b7cce]" started-at="2025-07-15T16:53:04 WIB" name="runScenario" description="Runs Cucumber Scenarios" data-provider="scenarios" finished-at="2025-07-15T16:53:38 WIB" duration-ms="34837" status="PASS">
          <params>
            <param index="0">
              <value>
                <![CDATA["Verify progress overview page with some students finished some materials and quizzes"]]>
              </value>
            </param>
            <param index="1">
              <value>
                <![CDATA["FR-12 Progress Overview"]]>
              </value>
            </param>
          </params>
          <reporter-output>
          </reporter-output>
        </test-method> <!-- runScenario -->
        <test-method signature="runScenario(io.cucumber.testng.PickleWrapper,io.cucumber.testng.FeatureWrapper)[pri:0, instance:com.zaidan.testng.runner.CucumberRunnerTests@1d9b7cce]" started-at="2025-07-15T16:53:38 WIB" name="runScenario" description="Runs Cucumber Scenarios" data-provider="scenarios" finished-at="2025-07-15T16:54:19 WIB" duration-ms="40371" status="PASS">
          <params>
            <param index="0">
              <value>
                <![CDATA["Verify progress overview page with all students finished all materials and quizzes"]]>
              </value>
            </param>
            <param index="1">
              <value>
                <![CDATA["FR-12 Progress Overview"]]>
              </value>
            </param>
          </params>
          <reporter-output>
          </reporter-output>
        </test-method> <!-- runScenario -->
        <test-method signature="runScenario(io.cucumber.testng.PickleWrapper,io.cucumber.testng.FeatureWrapper)[pri:0, instance:com.zaidan.testng.runner.CucumberRunnerTests@1d9b7cce]" started-at="2025-07-15T16:54:19 WIB" name="runScenario" description="Runs Cucumber Scenarios" data-provider="scenarios" finished-at="2025-07-15T16:54:56 WIB" duration-ms="37281" status="PASS">
          <params>
            <param index="0">
              <value>
                <![CDATA["Verify progress overview page with three different student states;"]]>
              </value>
            </param>
            <param index="1">
              <value>
                <![CDATA["FR-12 Progress Overview"]]>
              </value>
            </param>
          </params>
          <reporter-output>
          </reporter-output>
        </test-method> <!-- runScenario -->
        <test-method signature="runScenario(io.cucumber.testng.PickleWrapper,io.cucumber.testng.FeatureWrapper)[pri:0, instance:com.zaidan.testng.runner.CucumberRunnerTests@1d9b7cce]" started-at="2025-07-15T16:54:56 WIB" name="runScenario" description="Runs Cucumber Scenarios" data-provider="scenarios" finished-at="2025-07-15T16:55:10 WIB" duration-ms="14310" status="PASS">
          <params>
            <param index="0">
              <value>
                <![CDATA["Verify ascending sorting operation on Riwayat Kuis page"]]>
              </value>
            </param>
            <param index="1">
              <value>
                <![CDATA["FR-12 Progress Overview"]]>
              </value>
            </param>
          </params>
          <reporter-output>
          </reporter-output>
        </test-method> <!-- runScenario -->
        <test-method signature="runScenario(io.cucumber.testng.PickleWrapper,io.cucumber.testng.FeatureWrapper)[pri:0, instance:com.zaidan.testng.runner.CucumberRunnerTests@1d9b7cce]" started-at="2025-07-15T16:55:10 WIB" name="runScenario" description="Runs Cucumber Scenarios" data-provider="scenarios" finished-at="2025-07-15T16:55:25 WIB" duration-ms="14205" status="PASS">
          <params>
            <param index="0">
              <value>
                <![CDATA["Verify descending sorting operation on Riwayat Kuis page"]]>
              </value>
            </param>
            <param index="1">
              <value>
                <![CDATA["FR-12 Progress Overview"]]>
              </value>
            </param>
          </params>
          <reporter-output>
          </reporter-output>
        </test-method> <!-- runScenario -->
        <test-method signature="runScenario(io.cucumber.testng.PickleWrapper,io.cucumber.testng.FeatureWrapper)[pri:0, instance:com.zaidan.testng.runner.CucumberRunnerTests@1d9b7cce]" started-at="2025-07-15T16:55:25 WIB" name="runScenario" description="Runs Cucumber Scenarios" data-provider="scenarios" finished-at="2025-07-15T16:55:35 WIB" duration-ms="10683" status="PASS">
          <params>
            <param index="0">
              <value>
                <![CDATA["Verify descending sorting operation on Pemantau Progres Belajar page"]]>
              </value>
            </param>
            <param index="1">
              <value>
                <![CDATA["FR-12 Progress Overview"]]>
              </value>
            </param>
          </params>
          <reporter-output>
          </reporter-output>
        </test-method> <!-- runScenario -->
        <test-method is-config="true" signature="tearDownClass()[pri:0, instance:com.zaidan.testng.runner.CucumberRunnerTests@1d9b7cce]" started-at="2025-07-15T16:55:35 WIB" name="tearDownClass" finished-at="2025-07-15T16:55:35 WIB" duration-ms="44" status="PASS">
          <reporter-output>
          </reporter-output>
        </test-method> <!-- tearDownClass -->
      </class> <!-- com.zaidan.testng.runner.CucumberRunnerTests -->
    </test> <!-- Cucumber Reporting -->
  </suite> <!-- Suite -->
</testng-results>
